<html>
<body>
<pre>
<h1>µVision Build Log</h1>
<h2>Tool Versions:</h2>
IDE-Version: µVision V5.25.3.0
Copyright (C) 2018 ARM Ltd and ARM Germany GmbH. All rights reserved.
License Information: Fernando garro, Tec, LIC=----
 
Tool Versions:
Toolchain:       PK51 Prof. Develpers Kit  Version: 9.59.0.0
Toolchain Path:  C:\Keil_v5\C51\BIN
C Compiler:      C51.exe V9.59.0.0
Assembler:       A51.exe V8.2.7.0
Linker/Locator:  BL51.exe V6.22.2.0
Library Manager: LIB51.exe V4.30.1.0
Hex Converter:   OH51.exe V2.7.0.0
CPU DLL:         S8051.DLL V3.122.0.0
Dialog DLL:      DP51.DLL V2.66.0.0 
<h2>Project:</h2>
C:\Users\garro\OneDrive\Documentos\ATEC\Segundo Semestre\OC\reg51.uvproj
Project File Date:  04/12/2019

<h2>Output:</h2>
Build target 'Target 1'
assembling reg51.a51...
C:\KEIL_V5\C51\INC\REG51.H(13): error A10: ATTEMPT TO DEFINE AN ALREADY DEFINED SYMBOL
C:\KEIL_V5\C51\INC\REG51.H(14): error A10: ATTEMPT TO DEFINE AN ALREADY DEFINED SYMBOL
C:\KEIL_V5\C51\INC\REG51.H(15): error A10: ATTEMPT TO DEFINE AN ALREADY DEFINED SYMBOL
C:\KEIL_V5\C51\INC\REG51.H(16): error A10: ATTEMPT TO DEFINE AN ALREADY DEFINED SYMBOL
C:\KEIL_V5\C51\INC\REG51.H(17): error A10: ATTEMPT TO DEFINE AN ALREADY DEFINED SYMBOL
C:\KEIL_V5\C51\INC\REG51.H(18): error A10: ATTEMPT TO DEFINE AN ALREADY DEFINED SYMBOL
C:\KEIL_V5\C51\INC\REG51.H(19): error A10: ATTEMPT TO DEFINE AN ALREADY DEFINED SYMBOL
C:\KEIL_V5\C51\INC\REG51.H(20): error A10: ATTEMPT TO DEFINE AN ALREADY DEFINED SYMBOL
C:\KEIL_V5\C51\INC\REG51.H(21): error A10: ATTEMPT TO DEFINE AN ALREADY DEFINED SYMBOL
C:\KEIL_V5\C51\INC\REG51.H(22): error A10: ATTEMPT TO DEFINE AN ALREADY DEFINED SYMBOL
C:\KEIL_V5\C51\INC\REG51.H(23): error A10: ATTEMPT TO DEFINE AN ALREADY DEFINED SYMBOL
C:\KEIL_V5\C51\INC\REG51.H(24): error A10: ATTEMPT TO DEFINE AN ALREADY DEFINED SYMBOL
C:\KEIL_V5\C51\INC\REG51.H(25): error A10: ATTEMPT TO DEFINE AN ALREADY DEFINED SYMBOL
C:\KEIL_V5\C51\INC\REG51.H(26): error A10: ATTEMPT TO DEFINE AN ALREADY DEFINED SYMBOL
C:\KEIL_V5\C51\INC\REG51.H(27): error A10: ATTEMPT TO DEFINE AN ALREADY DEFINED SYMBOL
C:\KEIL_V5\C51\INC\REG51.H(28): error A10: ATTEMPT TO DEFINE AN ALREADY DEFINED SYMBOL
C:\KEIL_V5\C51\INC\REG51.H(29): error A10: ATTEMPT TO DEFINE AN ALREADY DEFINED SYMBOL
C:\KEIL_V5\C51\INC\REG51.H(30): error A10: ATTEMPT TO DEFINE AN ALREADY DEFINED SYMBOL
C:\KEIL_V5\C51\INC\REG51.H(31): error A10: ATTEMPT TO DEFINE AN ALREADY DEFINED SYMBOL
C:\KEIL_V5\C51\INC\REG51.H(32): error A10: ATTEMPT TO DEFINE AN ALREADY DEFINED SYMBOL
C:\KEIL_V5\C51\INC\REG51.H(33): error A10: ATTEMPT TO DEFINE AN ALREADY DEFINED SYMBOL
C:\KEIL_V5\C51\INC\REG51.H(38): error A10: ATTEMPT TO DEFINE AN ALREADY DEFINED SYMBOL
C:\KEIL_V5\C51\INC\REG51.H(39): error A10: ATTEMPT TO DEFINE AN ALREADY DEFINED SYMBOL
C:\KEIL_V5\C51\INC\REG51.H(40): error A10: ATTEMPT TO DEFINE AN ALREADY DEFINED SYMBOL
C:\KEIL_V5\C51\INC\REG51.H(41): error A10: ATTEMPT TO DEFINE AN ALREADY DEFINED SYMBOL
C:\KEIL_V5\C51\INC\REG51.H(42): error A10: ATTEMPT TO DEFINE AN ALREADY DEFINED SYMBOL
C:\KEIL_V5\C51\INC\REG51.H(43): error A10: ATTEMPT TO DEFINE AN ALREADY DEFINED SYMBOL
C:\KEIL_V5\C51\INC\REG51.H(44): error A10: ATTEMPT TO DEFINE AN ALREADY DEFINED SYMBOL
C:\KEIL_V5\C51\INC\REG51.H(47): error A10: ATTEMPT TO DEFINE AN ALREADY DEFINED SYMBOL
C:\KEIL_V5\C51\INC\REG51.H(48): error A10: ATTEMPT TO DEFINE AN ALREADY DEFINED SYMBOL
C:\KEIL_V5\C51\INC\REG51.H(49): error A10: ATTEMPT TO DEFINE AN ALREADY DEFINED SYMBOL
C:\KEIL_V5\C51\INC\REG51.H(50): error A10: ATTEMPT TO DEFINE AN ALREADY DEFINED SYMBOL
C:\KEIL_V5\C51\INC\REG51.H(51): error A10: ATTEMPT TO DEFINE AN ALREADY DEFINED SYMBOL
C:\KEIL_V5\C51\INC\REG51.H(52): error A10: ATTEMPT TO DEFINE AN ALREADY DEFINED SYMBOL
C:\KEIL_V5\C51\INC\REG51.H(53): error A10: ATTEMPT TO DEFINE AN ALREADY DEFINED SYMBOL
C:\KEIL_V5\C51\INC\REG51.H(54): error A10: ATTEMPT TO DEFINE AN ALREADY DEFINED SYMBOL
C:\KEIL_V5\C51\INC\REG51.H(57): error A10: ATTEMPT TO DEFINE AN ALREADY DEFINED SYMBOL
C:\KEIL_V5\C51\INC\REG51.H(58): error A10: ATTEMPT TO DEFINE AN ALREADY DEFINED SYMBOL
C:\KEIL_V5\C51\INC\REG51.H(59): error A10: ATTEMPT TO DEFINE AN ALREADY DEFINED SYMBOL
C:\KEIL_V5\C51\INC\REG51.H(60): error A10: ATTEMPT TO DEFINE AN ALREADY DEFINED SYMBOL
C:\KEIL_V5\C51\INC\REG51.H(61): error A10: ATTEMPT TO DEFINE AN ALREADY DEFINED SYMBOL
C:\KEIL_V5\C51\INC\REG51.H(62): error A10: ATTEMPT TO DEFINE AN ALREADY DEFINED SYMBOL
C:\KEIL_V5\C51\INC\REG51.H(65): error A10: ATTEMPT TO DEFINE AN ALREADY DEFINED SYMBOL
C:\KEIL_V5\C51\INC\REG51.H(66): error A10: ATTEMPT TO DEFINE AN ALREADY DEFINED SYMBOL
C:\KEIL_V5\C51\INC\REG51.H(67): error A10: ATTEMPT TO DEFINE AN ALREADY DEFINED SYMBOL
C:\KEIL_V5\C51\INC\REG51.H(68): error A10: ATTEMPT TO DEFINE AN ALREADY DEFINED SYMBOL
C:\KEIL_V5\C51\INC\REG51.H(69): error A10: ATTEMPT TO DEFINE AN ALREADY DEFINED SYMBOL
C:\KEIL_V5\C51\INC\REG51.H(72): error A10: ATTEMPT TO DEFINE AN ALREADY DEFINED SYMBOL
C:\KEIL_V5\C51\INC\REG51.H(73): error A10: ATTEMPT TO DEFINE AN ALREADY DEFINED SYMBOL
C:\KEIL_V5\C51\INC\REG51.H(74): error A10: ATTEMPT TO DEFINE AN ALREADY DEFINED SYMBOL
C:\KEIL_V5\C51\INC\REG51.H(75): error A10: ATTEMPT TO DEFINE AN ALREADY DEFINED SYMBOL
C:\KEIL_V5\C51\INC\REG51.H(76): error A10: ATTEMPT TO DEFINE AN ALREADY DEFINED SYMBOL
C:\KEIL_V5\C51\INC\REG51.H(77): error A10: ATTEMPT TO DEFINE AN ALREADY DEFINED SYMBOL
C:\KEIL_V5\C51\INC\REG51.H(78): error A10: ATTEMPT TO DEFINE AN ALREADY DEFINED SYMBOL
C:\KEIL_V5\C51\INC\REG51.H(79): error A10: ATTEMPT TO DEFINE AN ALREADY DEFINED SYMBOL
C:\KEIL_V5\C51\INC\REG51.H(82): error A10: ATTEMPT TO DEFINE AN ALREADY DEFINED SYMBOL
C:\KEIL_V5\C51\INC\REG51.H(83): error A10: ATTEMPT TO DEFINE AN ALREADY DEFINED SYMBOL
C:\KEIL_V5\C51\INC\REG51.H(84): error A10: ATTEMPT TO DEFINE AN ALREADY DEFINED SYMBOL
C:\KEIL_V5\C51\INC\REG51.H(85): error A10: ATTEMPT TO DEFINE AN ALREADY DEFINED SYMBOL
C:\KEIL_V5\C51\INC\REG51.H(86): error A10: ATTEMPT TO DEFINE AN ALREADY DEFINED SYMBOL
C:\KEIL_V5\C51\INC\REG51.H(87): error A10: ATTEMPT TO DEFINE AN ALREADY DEFINED SYMBOL
C:\KEIL_V5\C51\INC\REG51.H(88): error A10: ATTEMPT TO DEFINE AN ALREADY DEFINED SYMBOL
C:\KEIL_V5\C51\INC\REG51.H(89): error A10: ATTEMPT TO DEFINE AN ALREADY DEFINED SYMBOL
C:\KEIL_V5\C51\INC\STDIO.H(22): error A9: SYNTAX ERROR
C:\KEIL_V5\C51\INC\STDIO.H(18): error A68: UNKNOWN CONTROL OR BAD ARGUMENT(S)
C:\KEIL_V5\C51\INC\STDIO.H(27): error A9: SYNTAX ERROR
C:\KEIL_V5\C51\INC\STDIO.H(28): error A9: SYNTAX ERROR
C:\KEIL_V5\C51\INC\STDIO.H(29): error A9: SYNTAX ERROR
C:\KEIL_V5\C51\INC\STDIO.H(30): error A9: SYNTAX ERROR
C:\KEIL_V5\C51\INC\STDIO.H(31): error A9: SYNTAX ERROR
C:\KEIL_V5\C51\INC\STDIO.H(32): error A9: SYNTAX ERROR
C:\KEIL_V5\C51\INC\STDIO.H(33): error A9: SYNTAX ERROR
C:\KEIL_V5\C51\INC\STDIO.H(34): error A9: SYNTAX ERROR
C:\KEIL_V5\C51\INC\STDIO.H(35): error A9: SYNTAX ERROR
C:\KEIL_V5\C51\INC\STDIO.H(36): error A9: SYNTAX ERROR
C:\KEIL_V5\C51\INC\STDIO.H(37): error A9: SYNTAX ERROR
C:\KEIL_V5\C51\INC\STDIO.H(38): error A9: SYNTAX ERROR
C:\KEIL_V5\C51\INC\STDLIB.H(24): error A9: SYNTAX ERROR
C:\KEIL_V5\C51\INC\STDLIB.H(46): error A68: UNKNOWN CONTROL OR BAD ARGUMENT(S)
C:\KEIL_V5\C51\INC\STDLIB.H(56): error A9: SYNTAX ERROR
C:\KEIL_V5\C51\INC\STDLIB.H(58): error A9: SYNTAX ERROR
C:\KEIL_V5\C51\INC\STDLIB.H(60): error A9: SYNTAX ERROR
C:\KEIL_V5\C51\INC\STDLIB.H(62): error A9: SYNTAX ERROR
C:\KEIL_V5\C51\INC\STDLIB.H(63): error A9: SYNTAX ERROR
C:\KEIL_V5\C51\INC\STDLIB.H(64): error A9: SYNTAX ERROR
C:\KEIL_V5\C51\INC\STDLIB.H(65): error A9: SYNTAX ERROR
C:\KEIL_V5\C51\INC\STDLIB.H(66): error A9: SYNTAX ERROR
C:\KEIL_V5\C51\INC\STDLIB.H(74): error A9: SYNTAX ERROR
C:\KEIL_V5\C51\INC\STDLIB.H(75): error A9: SYNTAX ERROR
C:\KEIL_V5\C51\INC\STDLIB.H(76): error A9: SYNTAX ERROR
C:\KEIL_V5\C51\INC\STDLIB.H(80): error A9: SYNTAX ERROR
C:\KEIL_V5\C51\INC\STDLIB.H(77): error A9: SYNTAX ERROR
C:\KEIL_V5\C51\INC\STDLIB.H(78): error A9: SYNTAX ERROR
C:\KEIL_V5\C51\INC\STDLIB.H(79): error A9: SYNTAX ERROR
C:\KEIL_V5\C51\INC\STDLIB.H(80): error A9: SYNTAX ERROR
reg51.a51(4): error A9: SYNTAX ERROR
reg51.a51(5): error A9: SYNTAX ERROR
reg51.a51(6): error A9: SYNTAX ERROR
reg51.a51(7): error A9: SYNTAX ERROR
reg51.a51(9): error A9: SYNTAX ERROR
reg51.a51(10): error A9: SYNTAX ERROR
reg51.a51(10): error A3: ILLEGAL CHARACTER
reg51.a51(10): error A3: ILLEGAL CHARACTER
reg51.a51(10): error A3: ILLEGAL CHARACTER
reg51.a51(10): error A3: ILLEGAL CHARACTER
reg51.a51(12): error A9: SYNTAX ERROR
reg51.a51(12): error A3: ILLEGAL CHARACTER
reg51.a51(13): error A9: SYNTAX ERROR
reg51.a51(14): error A9: SYNTAX ERROR
reg51.a51(16): error A9: SYNTAX ERROR
reg51.a51(16): error A3: ILLEGAL CHARACTER
reg51.a51(17): error A9: SYNTAX ERROR
reg51.a51(18): error A9: SYNTAX ERROR
reg51.a51(23): error A9: SYNTAX ERROR
reg51.a51(24): error A9: SYNTAX ERROR
reg51.a51(25): error A9: SYNTAX ERROR
reg51.a51(26): error A9: SYNTAX ERROR
reg51.a51(27): error A9: SYNTAX ERROR
reg51.a51(28): error A9: SYNTAX ERROR
reg51.a51(29): error A9: SYNTAX ERROR
reg51.a51(29): error A3: ILLEGAL CHARACTER
reg51.a51(30): error A9: SYNTAX ERROR
reg51.a51(31): error A9: SYNTAX ERROR
reg51.a51(31): error A3: ILLEGAL CHARACTER
reg51.a51(31): error A3: ILLEGAL CHARACTER
reg51.a51(32): error A9: SYNTAX ERROR
reg51.a51(33): error A9: SYNTAX ERROR
reg51.a51(34): error A9: SYNTAX ERROR
reg51.a51(35): error A9: SYNTAX ERROR
reg51.a51(38): error A9: SYNTAX ERROR
reg51.a51(38): error A3: ILLEGAL CHARACTER
reg51.a51(39): error A9: SYNTAX ERROR
reg51.a51(40): error A9: SYNTAX ERROR
reg51.a51(41): error A9: SYNTAX ERROR
reg51.a51(42): warning A41: MISSING 'END' STATEMENT
compiling reg51.c...
Target not created.
Build Time Elapsed:  00:00:01
</pre>
</body>
</html>
